P 0 0 500 3 17
R 0 0 600 9 9
R 0 0 600 8 16
K 0 0 900 19 5
K 0 0 900 1 2
K 0 0 900 2 17
K 0 0 900 7 16
P 0 0 500 12 15
W 0 0 400 8 4
P 0 0 500 18 6
R 0 0 600 6 0
W 0 0 400 6 2
P 0 0 500 14 12
K 0 0 900 13 5
W 0 0 400 9 6
W 0 0 400 0 5
R 0 0 600 2 1
P 0 0 500 19 4
W 0 0 400 5 4
K 0 0 900 6 10
P 0 0 500 12 1
P 0 0 500 16 16
P 0 0 500 1 14
P 0 0 500 16 12
W 0 0 400 16 10
R 0 0 600 10 5
P 0 0 500 0 0
P 0 0 500 10 16
K 0 0 900 19 15
W 0 0 400 14 13
K 0 0 900 17 13
K 0 0 900 11 13
R 0 0 600 4 4
W 0 0 400 3 19
R 0 0 600 18 12
P 0 0 500 1 9
K 0 0 900 8 9
W 0 0 400 7 6
R 0 0 600 17 5
K 0 0 900 0 10
P 0 0 500 10 4
W 0 0 400 16 9
K 0 0 900 18 14
R 0 0 600 8 5
K 0 0 900 1 6
R 0 0 600 4 13
P 0 0 500 2 11
W 0 0 400 17 19
K 0 0 900 14 4
P 0 0 500 1 19
